[35m[Appium][39m Welcome to Appium v1.22.3
[35m[Appium][39m Non-default server args:
[35m[Appium][39m   port: 51144
[35m[Appium][39m   loglevel: info
[35m[Appium][39m   tmpDir: C:\Users\JROBER~1\AppData\Local\Temp\\Katalon\Appium\Temp1700093183678
[35m[Appium][39m   chromedriverPort: 51145
[35m[Appium][39m Deprecated server args:
[35m[Appium][39m   [31m--chromedriver-port[39m => --default-capabilities
[35m[Appium][39m Default capabilities, which will be added to each request unless overridden by desired capabilities:
[35m[Appium][39m   chromedriverPort: 51145
[35m[Appium][39m Appium REST http interface listener started on 0.0.0.0:51144
[35m[HTTP][39m [37m-->[39m [37mGET[39m [37m/wd/hub/status[39m
[35m[HTTP][39m [90m{}[39m
[35m[HTTP][39m [37m<-- GET /wd/hub/status [39m[32m200[39m [90m3 ms - 68[39m
[35m[HTTP][39m [90m[39m
[35m[HTTP][39m [37m-->[39m [37mGET[39m [37m/wd/hub/status[39m
[35m[HTTP][39m [90m{}[39m
[35m[HTTP][39m [37m<-- GET /wd/hub/status [39m[32m200[39m [90m1 ms - 68[39m
[35m[HTTP][39m [90m[39m
[35m[HTTP][39m [37m-->[39m [37mPOST[39m [37m/wd/hub/session[39m
[35m[HTTP][39m [90m{"desiredCapabilities":{"appActivity":".Settings","appPackage":"com.android.settings","newCommandTimeout":1800,"platformVersion":"14","automationName":"uiautomator2","autoGrantPermissions":true,"platformName":"Android","udid":"emulator-5554","deviceName":"emulator-5554 (sdk_gphone64_x86_64 - Android 14)","platform":"ANDROID","systemPort":8237},"capabilities":{"firstMatch":[{"appium:appActivity":".Settings","appium:appPackage":"com.android.settings","appium:autoGrantPermissions":true,"appium:automationName":"uiautomator2","appium:deviceName":"emulator-5554 (sdk_gphone64_x86_64 - Android 14)","appium:newCommandTimeout":1800,"platform":"ANDROID","platformName":"android","appium:platformVersion":"14","appium:systemPort":8237,"appium:udid":"emulator-5554"}]}}[39m
[35m[BaseDriver][39m The following capabilities are not standard capabilities and should have an extension prefix:
[35m[BaseDriver][39m   platform
[35m[BaseDriver][39m   chromedriverPort
[35m[Appium][39m Appium v1.22.3 creating new AndroidUiautomator2Driver (v1.70.1) session
[35m[BaseDriver][39m The following capabilities were provided, but are not recognized by Appium:
[35m[BaseDriver][39m   platform
[35m[BaseDriver][39m Session created with session id: 8d3ff299-ad92-438d-be97-1a61c94b17e0
[35m[UiAutomator2][39m Starting 'com.android.settings' directly on the device
[35m[ADB][39m Found 1 'build-tools' folders under 'C:\Users\JRobertoMV\.katalon\tools\android_sdk' (newest first):
[35m[ADB][39m     C:/Users/JRobertoMV/.katalon/tools/android_sdk/build-tools/29.0.3
[35m[ADB][39m Using 'adb.exe' from 'C:\Users\JRobertoMV\.katalon\tools\android_sdk\platform-tools\adb.exe'
[35m[AndroidDriver][39m Retrieving device list
[35m[AndroidDriver][39m Using device: emulator-5554
[35m[ADB][39m Using 'adb.exe' from 'C:\Users\JRobertoMV\.katalon\tools\android_sdk\platform-tools\adb.exe'
[35m[ADB][39m Getting device platform version
[35m[UiAutomator2][39m Relaxing hidden api policy
[35m[AndroidDriver][39m No app sent in, not parsing package/activity
[35m[ADB][39m Using 'apksigner.jar' from 'C:\Users\JRobertoMV\.katalon\tools\android_sdk\build-tools\29.0.3\lib\apksigner.jar'
[35m[ADB][39m 'C:\Users\JRobertoMV\AppData\Roaming\npm\node_modules\appium\node_modules\appium-uiautomator2-server\apks\appium-uiautomator2-server-v4.27.0.apk' is signed with the default certificate
[35m[ADB][39m 'C:\Users\JRobertoMV\AppData\Roaming\npm\node_modules\appium\node_modules\appium-uiautomator2-server\apks\appium-uiautomator2-server-debug-androidTest.apk' is signed with the default certificate
[35m[UiAutomator2][39m Server packages are not going to be (re)installed
[35m[ADB][39m Adding packages ["io.appium.settings","io.appium.uiautomator2.server","io.appium.uiautomator2.server.test"] to Doze whitelist
[35m[UiAutomator2][39m Starting UIAutomator2 server 4.27.0
[35m[UiAutomator2][39m Using UIAutomator2 server from 'C:\Users\JRobertoMV\AppData\Roaming\npm\node_modules\appium\node_modules\appium-uiautomator2-server\apks\appium-uiautomator2-server-v4.27.0.apk' and test from 'C:\Users\JRobertoMV\AppData\Roaming\npm\node_modules\appium\node_modules\appium-uiautomator2-server\apks\appium-uiautomator2-server-debug-androidTest.apk'
[35m[UiAutomator2][39m Waiting up to 30000ms for UiAutomator2 to be online...
[35m[WD Proxy][39m socket hang up
[35m[WD Proxy][39m socket hang up
[35m[WD Proxy][39m Determined the downstream protocol as 'W3C'
[35m[AndroidDriver][39m Screen already unlocked, doing nothing
[35m[UiAutomator2][39m Starting 'com.android.settings/.Settings and waiting for 'com.android.settings/.Settings'
[35m[Appium][39m New AndroidUiautomator2Driver session created successfully, session 8d3ff299-ad92-438d-be97-1a61c94b17e0 added to master session list
[35m[HTTP][39m [37m<-- POST /wd/hub/session [39m[32m200[39m [90m6514 ms - 1194[39m
[35m[HTTP][39m [90m[39m
[35m[HTTP][39m [37m-->[39m [37mGET[39m [37m/wd/hub/session/8d3ff299-ad92-438d-be97-1a61c94b17e0[39m
[35m[HTTP][39m [90m{}[39m
[35m[HTTP][39m [37m<-- GET /wd/hub/session/8d3ff299-ad92-438d-be97-1a61c94b17e0 [39m[32m200[39m [90m11 ms - 1148[39m
[35m[HTTP][39m [90m[39m
[35m[HTTP][39m [37m-->[39m [37mGET[39m [37m/wd/hub/session/8d3ff299-ad92-438d-be97-1a61c94b17e0[39m
[35m[HTTP][39m [90m{}[39m
[35m[HTTP][39m [37m<-- GET /wd/hub/session/8d3ff299-ad92-438d-be97-1a61c94b17e0 [39m[32m200[39m [90m10 ms - 1148[39m
[35m[HTTP][39m [90m[39m
[35m[HTTP][39m [37m-->[39m [37mGET[39m [37m/wd/hub/status[39m
[35m[HTTP][39m [90m{}[39m
[35m[HTTP][39m [37m<-- GET /wd/hub/status [39m[32m200[39m [90m1 ms - 68[39m
[35m[HTTP][39m [90m[39m
[35m[HTTP][39m [37m-->[39m [37mPOST[39m [37m/wd/hub/session/8d3ff299-ad92-438d-be97-1a61c94b17e0/timeouts[39m
[35m[HTTP][39m [90m{"implicit":60000}[39m
[35m[HTTP][39m [37m<-- POST /wd/hub/session/8d3ff299-ad92-438d-be97-1a61c94b17e0/timeouts [39m[32m200[39m [90m2 ms - 14[39m
[35m[HTTP][39m [90m[39m
[35m[HTTP][39m [37m-->[39m [37mGET[39m [37m/wd/hub/session/8d3ff299-ad92-438d-be97-1a61c94b17e0/screenshot[39m
[35m[HTTP][39m [90m{}[39m
[35m[HTTP][39m [37m<-- GET /wd/hub/session/8d3ff299-ad92-438d-be97-1a61c94b17e0/screenshot [39m[32m200[39m [90m717 ms - 176380[39m
[35m[HTTP][39m [90m[39m
[35m[HTTP][39m [37m-->[39m [37mGET[39m [37m/wd/hub/session/8d3ff299-ad92-438d-be97-1a61c94b17e0/window/rect[39m
[35m[HTTP][39m [90m{}[39m
[35m[HTTP][39m [37m<-- GET /wd/hub/session/8d3ff299-ad92-438d-be97-1a61c94b17e0/window/rect [39m[32m200[39m [90m13 ms - 50[39m
[35m[HTTP][39m [90m[39m
[35m[HTTP][39m [37m-->[39m [37mGET[39m [37m/wd/hub/session/8d3ff299-ad92-438d-be97-1a61c94b17e0/appium/device/system_bars[39m
[35m[HTTP][39m [90m{}[39m
[35m[HTTP][39m [37m<-- GET /wd/hub/session/8d3ff299-ad92-438d-be97-1a61c94b17e0/appium/device/system_bars [39m[32m200[39m [90m97 ms - 145[39m
[35m[HTTP][39m [90m[39m
[35m[HTTP][39m [37m-->[39m [37mPOST[39m [37m/wd/hub/session/8d3ff299-ad92-438d-be97-1a61c94b17e0/appium/device/activate_app[39m
[35m[HTTP][39m [90m{"bundleId":"com.banorte.seguros"}[39m
[35m[HTTP][39m [37m<-- POST /wd/hub/session/8d3ff299-ad92-438d-be97-1a61c94b17e0/appium/device/activate_app [39m[32m200[39m [90m660 ms - 14[39m
[35m[HTTP][39m [90m[39m
[35m[HTTP][39m [37m-->[39m [37mGET[39m [37m/wd/hub/session/8d3ff299-ad92-438d-be97-1a61c94b17e0/source[39m
[35m[HTTP][39m [90m{}[39m
[35m[W3C (8d3ff299)][39m Driver proxy active, passing request on via HTTP proxy
[35m[WD Proxy][39m Replacing sessionId e7242db2-4719-4f94-9b30-81c014651a14 with 8d3ff299-ad92-438d-be97-1a61c94b17e0
[35m[HTTP][39m [37m<-- GET /wd/hub/session/8d3ff299-ad92-438d-be97-1a61c94b17e0/source [39m[32m200[39m [90m1056 ms - 7850[39m
[35m[HTTP][39m [90m[39m
[35m[HTTP][39m [37m-->[39m [37mGET[39m [37m/wd/hub/session/8d3ff299-ad92-438d-be97-1a61c94b17e0/screenshot[39m
[35m[HTTP][39m [90m{}[39m
[35m[HTTP][39m [37m<-- GET /wd/hub/session/8d3ff299-ad92-438d-be97-1a61c94b17e0/screenshot [39m[32m200[39m [90m1426 ms - 3301392[39m
[35m[HTTP][39m [90m[39m
[35m[HTTP][39m [37m-->[39m [37mPOST[39m [37m/wd/hub/session/8d3ff299-ad92-438d-be97-1a61c94b17e0/elements[39m
[35m[HTTP][39m [90m{"using":"xpath","value":"//*[@class = 'android.widget.ImageView' and @resource-id = '' and (@text = '' or . = '')]"}[39m
[35m[HTTP][39m [37m<-- POST /wd/hub/session/8d3ff299-ad92-438d-be97-1a61c94b17e0/elements [39m[32m200[39m [90m471 ms - 523[39m
[35m[HTTP][39m [90m[39m
[35m[HTTP][39m [37m-->[39m [37mPOST[39m [37m/wd/hub/session/8d3ff299-ad92-438d-be97-1a61c94b17e0/elements[39m
[35m[HTTP][39m [90m{"using":"accessibility id","value":"Ingresar a mi\n cuenta"}[39m
[35m[HTTP][39m [37m<-- POST /wd/hub/session/8d3ff299-ad92-438d-be97-1a61c94b17e0/elements [39m[32m200[39m [90m60030 ms - 12[39m
[35m[HTTP][39m [90m[39m
[35m[HTTP][39m [37m-->[39m [37mPOST[39m [37m/wd/hub/session/8d3ff299-ad92-438d-be97-1a61c94b17e0/elements[39m
[35m[HTTP][39m [90m{"using":"-android uiautomator","value":"new UiSelector().className(\"android.widget.ImageView\").resourceId(\"\")"}[39m
[35m[HTTP][39m [37m<-- POST /wd/hub/session/8d3ff299-ad92-438d-be97-1a61c94b17e0/elements [39m[32m200[39m [90m38 ms - 523[39m
[35m[HTTP][39m [90m[39m
[35m[HTTP][39m [37m-->[39m [37mGET[39m [37m/wd/hub/session/8d3ff299-ad92-438d-be97-1a61c94b17e0/window/rect[39m
[35m[HTTP][39m [90m{}[39m
[35m[HTTP][39m [37m<-- GET /wd/hub/session/8d3ff299-ad92-438d-be97-1a61c94b17e0/window/rect [39m[32m200[39m [90m8 ms - 50[39m
[35m[HTTP][39m [90m[39m
[35m[HTTP][39m [37m-->[39m [37mPOST[39m [37m/wd/hub/session/8d3ff299-ad92-438d-be97-1a61c94b17e0/elements[39m
[35m[HTTP][39m [90m{"using":"xpath","value":"//hierarchy/android.widget.FrameLayout[1]/android.widget.LinearLayout[1]/android.widget.FrameLayout[1]/android.widget.FrameLayout[1]/android.widget.FrameLayout[1]/android.widget.FrameLayout[1]/android.view.View[1]/android.view.View[1]/android.view.View[1]/android.view.View[1]/android.widget.ImageView[2]"}[39m
[35m[HTTP][39m [37m<-- POST /wd/hub/session/8d3ff299-ad92-438d-be97-1a61c94b17e0/elements [39m[32m200[39m [90m60057 ms - 12[39m
[35m[HTTP][39m [90m[39m
[35m[HTTP][39m [37m-->[39m [37mPOST[39m [37m/wd/hub/session/8d3ff299-ad92-438d-be97-1a61c94b17e0/elements[39m
[35m[HTTP][39m [90m{"using":"xpath","value":"//*[@class = 'android.widget.ImageView' and @resource-id = '' and (@text = '' or . = '')]"}[39m
[35m[HTTP][39m [37m<-- POST /wd/hub/session/8d3ff299-ad92-438d-be97-1a61c94b17e0/elements [39m[32m200[39m [90m60 ms - 523[39m
[35m[HTTP][39m [90m[39m
[35m[HTTP][39m [37m-->[39m [37mPOST[39m [37m/wd/hub/session/8d3ff299-ad92-438d-be97-1a61c94b17e0/elements[39m
[35m[HTTP][39m [90m{"using":"accessibility id","value":"Ingresar a mi\n cuenta"}[39m
[35m[HTTP][39m [37m<-- POST /wd/hub/session/8d3ff299-ad92-438d-be97-1a61c94b17e0/elements [39m[32m200[39m [90m60031 ms - 12[39m
[35m[HTTP][39m [90m[39m
[35m[HTTP][39m [37m-->[39m [37mPOST[39m [37m/wd/hub/session/8d3ff299-ad92-438d-be97-1a61c94b17e0/elements[39m
[35m[HTTP][39m [90m{"using":"-android uiautomator","value":"new UiSelector().className(\"android.widget.ImageView\").resourceId(\"\")"}[39m
[35m[HTTP][39m [37m<-- POST /wd/hub/session/8d3ff299-ad92-438d-be97-1a61c94b17e0/elements [39m[32m200[39m [90m28 ms - 523[39m
[35m[HTTP][39m [90m[39m
[35m[HTTP][39m [37m-->[39m [37mPOST[39m [37m/wd/hub/session/8d3ff299-ad92-438d-be97-1a61c94b17e0/elements[39m
[35m[HTTP][39m [90m{"using":"xpath","value":"//*[@class = 'android.widget.ImageView' and @resource-id = '' and (@text = '' or . = '')]"}[39m
[35m[HTTP][39m [37m<-- POST /wd/hub/session/8d3ff299-ad92-438d-be97-1a61c94b17e0/elements [39m[32m200[39m [90m52 ms - 523[39m
[35m[HTTP][39m [90m[39m
[35m[HTTP][39m [37m-->[39m [37mPOST[39m [37m/wd/hub/session/8d3ff299-ad92-438d-be97-1a61c94b17e0/elements[39m
[35m[HTTP][39m [90m{"using":"accessibility id","value":"Ingresar a mi\n cuenta"}[39m
[35m[HTTP][39m [37m<-- POST /wd/hub/session/8d3ff299-ad92-438d-be97-1a61c94b17e0/elements [39m[32m200[39m [90m60026 ms - 12[39m
[35m[HTTP][39m [90m[39m
[35m[HTTP][39m [37m-->[39m [37mPOST[39m [37m/wd/hub/session/8d3ff299-ad92-438d-be97-1a61c94b17e0/elements[39m
[35m[HTTP][39m [90m{"using":"-android uiautomator","value":"new UiSelector().className(\"android.widget.ImageView\").resourceId(\"\")"}[39m
[35m[HTTP][39m [37m<-- POST /wd/hub/session/8d3ff299-ad92-438d-be97-1a61c94b17e0/elements [39m[32m200[39m [90m26 ms - 523[39m
[35m[HTTP][39m [90m[39m
[35m[HTTP][39m [37m-->[39m [37mPOST[39m [37m/wd/hub/session/8d3ff299-ad92-438d-be97-1a61c94b17e0/elements[39m
[35m[HTTP][39m [90m{"using":"xpath","value":"//*[@class = 'android.widget.ImageView' and @resource-id = '' and (@text = '' or . = '')]"}[39m
[35m[HTTP][39m [37m<-- POST /wd/hub/session/8d3ff299-ad92-438d-be97-1a61c94b17e0/elements [39m[32m200[39m [90m53 ms - 523[39m
[35m[HTTP][39m [90m[39m
[35m[HTTP][39m [37m-->[39m [37mPOST[39m [37m/wd/hub/session/8d3ff299-ad92-438d-be97-1a61c94b17e0/elements[39m
[35m[HTTP][39m [90m{"using":"accessibility id","value":"Ingresar a mi\n cuenta"}[39m
[35m[HTTP][39m [37m<-- POST /wd/hub/session/8d3ff299-ad92-438d-be97-1a61c94b17e0/elements [39m[32m200[39m [90m60020 ms - 12[39m
[35m[HTTP][39m [90m[39m
[35m[HTTP][39m [37m-->[39m [37mPOST[39m [37m/wd/hub/session/8d3ff299-ad92-438d-be97-1a61c94b17e0/elements[39m
[35m[HTTP][39m [90m{"using":"-android uiautomator","value":"new UiSelector().className(\"android.widget.ImageView\").resourceId(\"\")"}[39m
[35m[HTTP][39m [37m<-- POST /wd/hub/session/8d3ff299-ad92-438d-be97-1a61c94b17e0/elements [39m[32m200[39m [90m29 ms - 523[39m
[35m[HTTP][39m [90m[39m
[35m[HTTP][39m [37m-->[39m [37mPOST[39m [37m/wd/hub/session/8d3ff299-ad92-438d-be97-1a61c94b17e0/elements[39m
[35m[HTTP][39m [90m{"using":"xpath","value":"//*[@class = 'android.widget.ImageView' and @resource-id = '' and (@text = '' or . = '')]"}[39m
[35m[HTTP][39m [37m<-- POST /wd/hub/session/8d3ff299-ad92-438d-be97-1a61c94b17e0/elements [39m[32m200[39m [90m87 ms - 523[39m
[35m[HTTP][39m [90m[39m
[35m[HTTP][39m [37m-->[39m [37mPOST[39m [37m/wd/hub/session/8d3ff299-ad92-438d-be97-1a61c94b17e0/elements[39m
[35m[HTTP][39m [90m{"using":"accessibility id","value":"Ingresar a mi\n cuenta"}[39m
[35m[HTTP][39m [37m<-- POST /wd/hub/session/8d3ff299-ad92-438d-be97-1a61c94b17e0/elements [39m[32m200[39m [90m14 ms - 139[39m
[35m[HTTP][39m [90m[39m
[35m[HTTP][39m [37m-->[39m [37mPOST[39m [37m/wd/hub/session/8d3ff299-ad92-438d-be97-1a61c94b17e0/elements[39m
[35m[HTTP][39m [90m{"using":"xpath","value":"//*[@class = 'android.widget.ImageView' and @resource-id = '' and (@text = '' or . = '')]"}[39m
[35m[HTTP][39m [37m<-- POST /wd/hub/session/8d3ff299-ad92-438d-be97-1a61c94b17e0/elements [39m[32m200[39m [90m45 ms - 523[39m
[35m[HTTP][39m [90m[39m
[35m[HTTP][39m [37m-->[39m [37mPOST[39m [37m/wd/hub/session/8d3ff299-ad92-438d-be97-1a61c94b17e0/elements[39m
[35m[HTTP][39m [90m{"using":"accessibility id","value":"Ingresar a mi\n cuenta"}[39m
[35m[HTTP][39m [37m<-- POST /wd/hub/session/8d3ff299-ad92-438d-be97-1a61c94b17e0/elements [39m[32m200[39m [90m13 ms - 139[39m
[35m[HTTP][39m [90m[39m
[35m[HTTP][39m [37m-->[39m [37mGET[39m [37m/wd/hub/session/8d3ff299-ad92-438d-be97-1a61c94b17e0/source[39m
[35m[HTTP][39m [90m{}[39m
[35m[W3C (8d3ff299)][39m Driver proxy active, passing request on via HTTP proxy
[35m[WD Proxy][39m Replacing sessionId e7242db2-4719-4f94-9b30-81c014651a14 with 8d3ff299-ad92-438d-be97-1a61c94b17e0
[35m[HTTP][39m [37m<-- GET /wd/hub/session/8d3ff299-ad92-438d-be97-1a61c94b17e0/source [39m[32m200[39m [90m34 ms - 7850[39m
[35m[HTTP][39m [90m[39m
[35m[HTTP][39m [37m-->[39m [37mGET[39m [37m/wd/hub/session/8d3ff299-ad92-438d-be97-1a61c94b17e0/screenshot[39m
[35m[HTTP][39m [90m{}[39m
[35m[HTTP][39m [37m<-- GET /wd/hub/session/8d3ff299-ad92-438d-be97-1a61c94b17e0/screenshot [39m[32m200[39m [90m1179 ms - 3300656[39m
[35m[HTTP][39m [90m[39m
[35m[HTTP][39m [37m-->[39m [37mGET[39m [37m/wd/hub/session/8d3ff299-ad92-438d-be97-1a61c94b17e0/source[39m
[35m[HTTP][39m [90m{}[39m
[35m[W3C (8d3ff299)][39m Driver proxy active, passing request on via HTTP proxy
[35m[WD Proxy][39m Replacing sessionId e7242db2-4719-4f94-9b30-81c014651a14 with 8d3ff299-ad92-438d-be97-1a61c94b17e0
[35m[HTTP][39m [37m<-- GET /wd/hub/session/8d3ff299-ad92-438d-be97-1a61c94b17e0/source [39m[32m200[39m [90m47 ms - 13929[39m
[35m[HTTP][39m [90m[39m
[35m[HTTP][39m [37m-->[39m [37mGET[39m [37m/wd/hub/session/8d3ff299-ad92-438d-be97-1a61c94b17e0/screenshot[39m
[35m[HTTP][39m [90m{}[39m
[35m[HTTP][39m [37m<-- GET /wd/hub/session/8d3ff299-ad92-438d-be97-1a61c94b17e0/screenshot [39m[32m200[39m [90m165 ms - 188846[39m
[35m[HTTP][39m [90m[39m
[35m[HTTP][39m [37m-->[39m [37mPOST[39m [37m/wd/hub/session/8d3ff299-ad92-438d-be97-1a61c94b17e0/elements[39m
[35m[HTTP][39m [90m{"using":"xpath","value":"//*[@class = 'android.view.View' and @resource-id = '' and (@text = '' or . = '')]"}[39m
[35m[HTTP][39m [37m<-- POST /wd/hub/session/8d3ff299-ad92-438d-be97-1a61c94b17e0/elements [39m[32m200[39m [90m59 ms - 2059[39m
[35m[HTTP][39m [90m[39m
[35m[HTTP][39m [37m-->[39m [37mPOST[39m [37m/wd/hub/session/8d3ff299-ad92-438d-be97-1a61c94b17e0/elements[39m
[35m[HTTP][39m [90m{"using":"-android uiautomator","value":"new UiSelector().className(\"android.view.View\").resourceId(\"\")"}[39m
[35m[HTTP][39m [37m<-- POST /wd/hub/session/8d3ff299-ad92-438d-be97-1a61c94b17e0/elements [39m[32m200[39m [90m65 ms - 2059[39m
[35m[HTTP][39m [90m[39m
[35m[HTTP][39m [37m-->[39m [37mGET[39m [37m/wd/hub/session/8d3ff299-ad92-438d-be97-1a61c94b17e0/window/rect[39m
[35m[HTTP][39m [90m{}[39m
[35m[HTTP][39m [37m<-- GET /wd/hub/session/8d3ff299-ad92-438d-be97-1a61c94b17e0/window/rect [39m[32m200[39m [90m8 ms - 50[39m
[35m[HTTP][39m [90m[39m
[35m[HTTP][39m [37m-->[39m [37mPOST[39m [37m/wd/hub/session/8d3ff299-ad92-438d-be97-1a61c94b17e0/elements[39m
[35m[HTTP][39m [90m{"using":"xpath","value":"//hierarchy/android.widget.FrameLayout[1]/android.widget.LinearLayout[1]/android.widget.FrameLayout[1]/android.widget.FrameLayout[1]/android.widget.FrameLayout[1]/android.widget.FrameLayout[1]/android.view.View[1]/android.view.View[1]/android.view.View[1]/android.view.View[1]/android.view.View[1]"}[39m
[35m[HTTP][39m [37m<-- POST /wd/hub/session/8d3ff299-ad92-438d-be97-1a61c94b17e0/elements [39m[32m200[39m [90m44 ms - 139[39m
[35m[HTTP][39m [90m[39m
[35m[HTTP][39m [37m-->[39m [37mGET[39m [37m/wd/hub/session/8d3ff299-ad92-438d-be97-1a61c94b17e0/element/00000000-0000-0023-0000-00ba00000005/location[39m
[35m[HTTP][39m [90m{}[39m
[35m[W3C (8d3ff299)][39m Driver proxy active, passing request on via HTTP proxy
[35m[WD Proxy][39m Replacing sessionId e7242db2-4719-4f94-9b30-81c014651a14 with 8d3ff299-ad92-438d-be97-1a61c94b17e0
[35m[HTTP][39m [37m<-- GET /wd/hub/session/8d3ff299-ad92-438d-be97-1a61c94b17e0/element/00000000-0000-0023-0000-00ba00000005/location [39m[32m200[39m [90m12 ms - 75[39m
[35m[HTTP][39m [90m[39m
[35m[HTTP][39m [37m-->[39m [37mPOST[39m [37m/wd/hub/session/8d3ff299-ad92-438d-be97-1a61c94b17e0/element/00000000-0000-0023-0000-00ba00000005/clear[39m
[35m[HTTP][39m [90m{"id":"00000000-0000-0023-0000-00ba00000005"}[39m
[35m[HTTP][39m [37m<-- POST /wd/hub/session/8d3ff299-ad92-438d-be97-1a61c94b17e0/element/00000000-0000-0023-0000-00ba00000005/clear [39m[32m200[39m [90m14 ms - 14[39m
[35m[HTTP][39m [90m[39m
[35m[HTTP][39m [37m-->[39m [37mPOST[39m [37m/wd/hub/session/8d3ff299-ad92-438d-be97-1a61c94b17e0/element/00000000-0000-0023-0000-00ba00000005/value[39m
[35m[HTTP][39m [90m{"id":"00000000-0000-0023-0000-00ba00000005","text":"usuariofermina@gmail.com","value":["u","s","u","a","r","i","o","f","e","r","m","i","n","a","@","g","m","a","i","l",".","c","o","m"]}[39m
[35m[HTTP][39m [37m<-- POST /wd/hub/session/8d3ff299-ad92-438d-be97-1a61c94b17e0/element/00000000-0000-0023-0000-00ba00000005/value [39m[32m200[39m [90m14 ms - 14[39m
[35m[HTTP][39m [90m[39m
[35m[HTTP][39m [37m-->[39m [37mGET[39m [37m/wd/hub/session/8d3ff299-ad92-438d-be97-1a61c94b17e0/source[39m
[35m[HTTP][39m [90m{}[39m
[35m[W3C (8d3ff299)][39m Driver proxy active, passing request on via HTTP proxy
[35m[WD Proxy][39m Replacing sessionId e7242db2-4719-4f94-9b30-81c014651a14 with 8d3ff299-ad92-438d-be97-1a61c94b17e0
[35m[HTTP][39m [37m<-- GET /wd/hub/session/8d3ff299-ad92-438d-be97-1a61c94b17e0/source [39m[32m200[39m [90m40 ms - 13970[39m
[35m[HTTP][39m [90m[39m
[35m[HTTP][39m [37m-->[39m [37mGET[39m [37m/wd/hub/session/8d3ff299-ad92-438d-be97-1a61c94b17e0/screenshot[39m
[35m[HTTP][39m [90m{}[39m
[35m[HTTP][39m [37m<-- GET /wd/hub/session/8d3ff299-ad92-438d-be97-1a61c94b17e0/screenshot [39m[32m200[39m [90m169 ms - 188846[39m
[35m[HTTP][39m [90m[39m
[35m[HTTP][39m [37m-->[39m [37mPOST[39m [37m/wd/hub/session/8d3ff299-ad92-438d-be97-1a61c94b17e0/elements[39m
[35m[HTTP][39m [90m{"using":"xpath","value":"//*[@class = 'android.widget.EditText' and (@text = 'Ingresa tu correo electrónico' or . = 'Ingresa tu correo electrónico') and @resource-id = '']"}[39m
[35m[HTTP][39m [37m<-- POST /wd/hub/session/8d3ff299-ad92-438d-be97-1a61c94b17e0/elements [39m[32m200[39m [90m57 ms - 139[39m
[35m[HTTP][39m [90m[39m
[35m[HTTP][39m [37m-->[39m [37mPOST[39m [37m/wd/hub/session/8d3ff299-ad92-438d-be97-1a61c94b17e0/elements[39m
[35m[HTTP][39m [90m{"using":"xpath","value":"//*[@class = 'android.widget.EditText' and (@text = 'Ingresa tu correo electrónico' or . = 'Ingresa tu correo electrónico') and @resource-id = '']"}[39m
[35m[HTTP][39m [37m<-- POST /wd/hub/session/8d3ff299-ad92-438d-be97-1a61c94b17e0/elements [39m[32m200[39m [90m85 ms - 139[39m
[35m[HTTP][39m [90m[39m
[35m[HTTP][39m [37m-->[39m [37mGET[39m [37m/wd/hub/session/8d3ff299-ad92-438d-be97-1a61c94b17e0/source[39m
[35m[HTTP][39m [90m{}[39m
[35m[W3C (8d3ff299)][39m Driver proxy active, passing request on via HTTP proxy
[35m[WD Proxy][39m Replacing sessionId e7242db2-4719-4f94-9b30-81c014651a14 with 8d3ff299-ad92-438d-be97-1a61c94b17e0
[35m[HTTP][39m [37m<-- GET /wd/hub/session/8d3ff299-ad92-438d-be97-1a61c94b17e0/source [39m[32m200[39m [90m45 ms - 13970[39m
[35m[HTTP][39m [90m[39m
[35m[HTTP][39m [37m-->[39m [37mGET[39m [37m/wd/hub/session/8d3ff299-ad92-438d-be97-1a61c94b17e0/screenshot[39m
[35m[HTTP][39m [90m{}[39m
[35m[HTTP][39m [37m<-- GET /wd/hub/session/8d3ff299-ad92-438d-be97-1a61c94b17e0/screenshot [39m[32m200[39m [90m187 ms - 189344[39m
[35m[HTTP][39m [90m[39m
[35m[HTTP][39m [37m-->[39m [37mPOST[39m [37m/wd/hub/session/8d3ff299-ad92-438d-be97-1a61c94b17e0/elements[39m
[35m[HTTP][39m [90m{"using":"xpath","value":"//*[@class = 'android.widget.EditText' and (@text = 'Ingresa tu contraseña' or . = 'Ingresa tu contraseña') and @resource-id = '']"}[39m
[35m[HTTP][39m [37m<-- POST /wd/hub/session/8d3ff299-ad92-438d-be97-1a61c94b17e0/elements [39m[32m200[39m [90m51 ms - 139[39m
[35m[HTTP][39m [90m[39m
[35m[HTTP][39m [37m-->[39m [37mPOST[39m [37m/wd/hub/session/8d3ff299-ad92-438d-be97-1a61c94b17e0/elements[39m
[35m[HTTP][39m [90m{"using":"xpath","value":"//*[@class = 'android.widget.EditText' and (@text = 'Ingresa tu contraseña' or . = 'Ingresa tu contraseña') and @resource-id = '']"}[39m
[35m[HTTP][39m [37m<-- POST /wd/hub/session/8d3ff299-ad92-438d-be97-1a61c94b17e0/elements [39m[32m200[39m [90m57 ms - 139[39m
[35m[HTTP][39m [90m[39m
[35m[HTTP][39m [37m-->[39m [37mGET[39m [37m/wd/hub/session/8d3ff299-ad92-438d-be97-1a61c94b17e0/source[39m
[35m[HTTP][39m [90m{}[39m
[35m[W3C (8d3ff299)][39m Driver proxy active, passing request on via HTTP proxy
[35m[WD Proxy][39m Replacing sessionId e7242db2-4719-4f94-9b30-81c014651a14 with 8d3ff299-ad92-438d-be97-1a61c94b17e0
[35m[HTTP][39m [37m<-- GET /wd/hub/session/8d3ff299-ad92-438d-be97-1a61c94b17e0/source [39m[32m200[39m [90m40 ms - 13970[39m
[35m[HTTP][39m [90m[39m
[35m[HTTP][39m [37m-->[39m [37mGET[39m [37m/wd/hub/session/8d3ff299-ad92-438d-be97-1a61c94b17e0/screenshot[39m
[35m[HTTP][39m [90m{}[39m
[35m[HTTP][39m [37m<-- GET /wd/hub/session/8d3ff299-ad92-438d-be97-1a61c94b17e0/screenshot [39m[32m200[39m [90m173 ms - 189344[39m
[35m[HTTP][39m [90m[39m
[35m[HTTP][39m [37m-->[39m [37mPOST[39m [37m/wd/hub/session/8d3ff299-ad92-438d-be97-1a61c94b17e0/elements[39m
[35m[HTTP][39m [90m{"using":"xpath","value":"//*[@class = 'android.widget.EditText' and (@text = 'Ingresa tu correo electrónico' or . = 'Ingresa tu correo electrónico') and @resource-id = '']"}[39m
[35m[HTTP][39m [37m<-- POST /wd/hub/session/8d3ff299-ad92-438d-be97-1a61c94b17e0/elements [39m[32m200[39m [90m46 ms - 139[39m
[35m[HTTP][39m [90m[39m
[35m[HTTP][39m [37m-->[39m [37mGET[39m [37m/wd/hub/session/8d3ff299-ad92-438d-be97-1a61c94b17e0/window/rect[39m
[35m[HTTP][39m [90m{}[39m
[35m[HTTP][39m [37m<-- GET /wd/hub/session/8d3ff299-ad92-438d-be97-1a61c94b17e0/window/rect [39m[32m200[39m [90m8 ms - 50[39m
[35m[HTTP][39m [90m[39m
[35m[HTTP][39m [37m-->[39m [37mPOST[39m [37m/wd/hub/session/8d3ff299-ad92-438d-be97-1a61c94b17e0/elements[39m
[35m[HTTP][39m [90m{"using":"xpath","value":"//*[@class = 'android.widget.EditText' and (@text = 'Ingresa tu correo electrónico' or . = 'Ingresa tu correo electrónico') and @resource-id = '']"}[39m
[35m[HTTP][39m [37m<-- POST /wd/hub/session/8d3ff299-ad92-438d-be97-1a61c94b17e0/elements [39m[32m200[39m [90m57 ms - 139[39m
[35m[HTTP][39m [90m[39m
[35m[HTTP][39m [37m-->[39m [37mGET[39m [37m/wd/hub/session/8d3ff299-ad92-438d-be97-1a61c94b17e0/element/00000000-0000-0023-0000-00c100000005/location[39m
[35m[HTTP][39m [90m{}[39m
[35m[W3C (8d3ff299)][39m Driver proxy active, passing request on via HTTP proxy
[35m[WD Proxy][39m Replacing sessionId e7242db2-4719-4f94-9b30-81c014651a14 with 8d3ff299-ad92-438d-be97-1a61c94b17e0
[35m[HTTP][39m [37m<-- GET /wd/hub/session/8d3ff299-ad92-438d-be97-1a61c94b17e0/element/00000000-0000-0023-0000-00c100000005/location [39m[32m200[39m [90m12 ms - 77[39m
[35m[HTTP][39m [90m[39m
[35m[HTTP][39m [37m-->[39m [37mPOST[39m [37m/wd/hub/session/8d3ff299-ad92-438d-be97-1a61c94b17e0/element/00000000-0000-0023-0000-00c100000005/clear[39m
[35m[HTTP][39m [90m{"id":"00000000-0000-0023-0000-00c100000005"}[39m
[35m[HTTP][39m [37m<-- POST /wd/hub/session/8d3ff299-ad92-438d-be97-1a61c94b17e0/element/00000000-0000-0023-0000-00c100000005/clear [39m[32m200[39m [90m11 ms - 14[39m
[35m[HTTP][39m [90m[39m
[35m[HTTP][39m [37m-->[39m [37mPOST[39m [37m/wd/hub/session/8d3ff299-ad92-438d-be97-1a61c94b17e0/element/00000000-0000-0023-0000-00c100000005/value[39m
[35m[HTTP][39m [90m{"id":"00000000-0000-0023-0000-00c100000005","text":"usuariofermina@gmail.com","value":["u","s","u","a","r","i","o","f","e","r","m","i","n","a","@","g","m","a","i","l",".","c","o","m"]}[39m
[35m[HTTP][39m [37m<-- POST /wd/hub/session/8d3ff299-ad92-438d-be97-1a61c94b17e0/element/00000000-0000-0023-0000-00c100000005/value [39m[32m200[39m [90m15 ms - 14[39m
[35m[HTTP][39m [90m[39m
[35m[HTTP][39m [37m-->[39m [37mGET[39m [37m/wd/hub/session/8d3ff299-ad92-438d-be97-1a61c94b17e0/source[39m
[35m[HTTP][39m [90m{}[39m
[35m[W3C (8d3ff299)][39m Driver proxy active, passing request on via HTTP proxy
[35m[WD Proxy][39m Replacing sessionId e7242db2-4719-4f94-9b30-81c014651a14 with 8d3ff299-ad92-438d-be97-1a61c94b17e0
[35m[HTTP][39m [37m<-- GET /wd/hub/session/8d3ff299-ad92-438d-be97-1a61c94b17e0/source [39m[32m200[39m [90m40 ms - 13996[39m
[35m[HTTP][39m [90m[39m
[35m[HTTP][39m [37m-->[39m [37mGET[39m [37m/wd/hub/session/8d3ff299-ad92-438d-be97-1a61c94b17e0/screenshot[39m
[35m[HTTP][39m [90m{}[39m
[35m[HTTP][39m [37m<-- GET /wd/hub/session/8d3ff299-ad92-438d-be97-1a61c94b17e0/screenshot [39m[32m200[39m [90m164 ms - 189192[39m
[35m[HTTP][39m [90m[39m
[35m[HTTP][39m [37m-->[39m [37mPOST[39m [37m/wd/hub/session/8d3ff299-ad92-438d-be97-1a61c94b17e0/elements[39m
[35m[HTTP][39m [90m{"using":"xpath","value":"//*[@class = 'android.widget.EditText' and (@text = 'Ingresa tu contraseña' or . = 'Ingresa tu contraseña') and @resource-id = '']"}[39m
[35m[HTTP][39m [37m<-- POST /wd/hub/session/8d3ff299-ad92-438d-be97-1a61c94b17e0/elements [39m[32m200[39m [90m51 ms - 139[39m
[35m[HTTP][39m [90m[39m
[35m[HTTP][39m [37m-->[39m [37mGET[39m [37m/wd/hub/session/8d3ff299-ad92-438d-be97-1a61c94b17e0/window/rect[39m
[35m[HTTP][39m [90m{}[39m
[35m[HTTP][39m [37m<-- GET /wd/hub/session/8d3ff299-ad92-438d-be97-1a61c94b17e0/window/rect [39m[32m200[39m [90m7 ms - 50[39m
[35m[HTTP][39m [90m[39m
[35m[HTTP][39m [37m-->[39m [37mPOST[39m [37m/wd/hub/session/8d3ff299-ad92-438d-be97-1a61c94b17e0/elements[39m
[35m[HTTP][39m [90m{"using":"xpath","value":"//*[@class = 'android.widget.EditText' and (@text = 'Ingresa tu contraseña' or . = 'Ingresa tu contraseña') and @resource-id = '']"}[39m
[35m[HTTP][39m [37m<-- POST /wd/hub/session/8d3ff299-ad92-438d-be97-1a61c94b17e0/elements [39m[32m200[39m [90m46 ms - 139[39m
[35m[HTTP][39m [90m[39m
[35m[HTTP][39m [37m-->[39m [37mGET[39m [37m/wd/hub/session/8d3ff299-ad92-438d-be97-1a61c94b17e0/element/00000000-0000-0023-0000-00c200000005/location[39m
[35m[HTTP][39m [90m{}[39m
[35m[W3C (8d3ff299)][39m Driver proxy active, passing request on via HTTP proxy
[35m[WD Proxy][39m Replacing sessionId e7242db2-4719-4f94-9b30-81c014651a14 with 8d3ff299-ad92-438d-be97-1a61c94b17e0
[35m[HTTP][39m [37m<-- GET /wd/hub/session/8d3ff299-ad92-438d-be97-1a61c94b17e0/element/00000000-0000-0023-0000-00c200000005/location [39m[32m200[39m [90m10 ms - 77[39m
[35m[HTTP][39m [90m[39m
[35m[HTTP][39m [37m-->[39m [37mPOST[39m [37m/wd/hub/session/8d3ff299-ad92-438d-be97-1a61c94b17e0/element/00000000-0000-0023-0000-00c200000005/clear[39m
[35m[HTTP][39m [90m{"id":"00000000-0000-0023-0000-00c200000005"}[39m
[35m[HTTP][39m [37m<-- POST /wd/hub/session/8d3ff299-ad92-438d-be97-1a61c94b17e0/element/00000000-0000-0023-0000-00c200000005/clear [39m[32m200[39m [90m13 ms - 14[39m
[35m[HTTP][39m [90m[39m
[35m[HTTP][39m [37m-->[39m [37mPOST[39m [37m/wd/hub/session/8d3ff299-ad92-438d-be97-1a61c94b17e0/element/00000000-0000-0023-0000-00c200000005/value[39m
[35m[HTTP][39m [90m{"id":"00000000-0000-0023-0000-00c200000005","text":"Fermi423","value":["F","e","r","m","i","4","2","3"]}[39m
[35m[HTTP][39m [37m<-- POST /wd/hub/session/8d3ff299-ad92-438d-be97-1a61c94b17e0/element/00000000-0000-0023-0000-00c200000005/value [39m[32m200[39m [90m16 ms - 14[39m
[35m[HTTP][39m [90m[39m
[35m[HTTP][39m [37m-->[39m [37mGET[39m [37m/wd/hub/session/8d3ff299-ad92-438d-be97-1a61c94b17e0/source[39m
[35m[HTTP][39m [90m{}[39m
[35m[W3C (8d3ff299)][39m Driver proxy active, passing request on via HTTP proxy
[35m[WD Proxy][39m Replacing sessionId e7242db2-4719-4f94-9b30-81c014651a14 with 8d3ff299-ad92-438d-be97-1a61c94b17e0
[35m[HTTP][39m [37m<-- GET /wd/hub/session/8d3ff299-ad92-438d-be97-1a61c94b17e0/source [39m[32m200[39m [90m40 ms - 14006[39m
[35m[HTTP][39m [90m[39m
[35m[HTTP][39m [37m-->[39m [37mGET[39m [37m/wd/hub/session/8d3ff299-ad92-438d-be97-1a61c94b17e0/screenshot[39m
[35m[HTTP][39m [90m{}[39m
[35m[HTTP][39m [37m<-- GET /wd/hub/session/8d3ff299-ad92-438d-be97-1a61c94b17e0/screenshot [39m[32m200[39m [90m169 ms - 189192[39m
[35m[HTTP][39m [90m[39m
[35m[HTTP][39m [37m-->[39m [37mPOST[39m [37m/wd/hub/session/8d3ff299-ad92-438d-be97-1a61c94b17e0/elements[39m
[35m[HTTP][39m [90m{"using":"xpath","value":"//*[@class = 'android.widget.Button' and @resource-id = '' and (@text = '' or . = '')]"}[39m
[35m[HTTP][39m [37m<-- POST /wd/hub/session/8d3ff299-ad92-438d-be97-1a61c94b17e0/elements [39m[32m200[39m [90m42 ms - 267[39m
[35m[HTTP][39m [90m[39m
[35m[HTTP][39m [37m-->[39m [37mPOST[39m [37m/wd/hub/session/8d3ff299-ad92-438d-be97-1a61c94b17e0/elements[39m
[35m[HTTP][39m [90m{"using":"accessibility id","value":"Ingresar"}[39m
[35m[HTTP][39m [37m<-- POST /wd/hub/session/8d3ff299-ad92-438d-be97-1a61c94b17e0/elements [39m[32m200[39m [90m14 ms - 139[39m
[35m[HTTP][39m [90m[39m
[35m[HTTP][39m [37m-->[39m [37mPOST[39m [37m/wd/hub/session/8d3ff299-ad92-438d-be97-1a61c94b17e0/elements[39m
[35m[HTTP][39m [90m{"using":"xpath","value":"//*[@class = 'android.widget.Button' and @resource-id = '' and (@text = '' or . = '')]"}[39m
[35m[HTTP][39m [37m<-- POST /wd/hub/session/8d3ff299-ad92-438d-be97-1a61c94b17e0/elements [39m[32m200[39m [90m45 ms - 267[39m
[35m[HTTP][39m [90m[39m
[35m[HTTP][39m [37m-->[39m [37mPOST[39m [37m/wd/hub/session/8d3ff299-ad92-438d-be97-1a61c94b17e0/elements[39m
[35m[HTTP][39m [90m{"using":"accessibility id","value":"Ingresar"}[39m
[35m[HTTP][39m [37m<-- POST /wd/hub/session/8d3ff299-ad92-438d-be97-1a61c94b17e0/elements [39m[32m200[39m [90m14 ms - 139[39m
[35m[HTTP][39m [90m[39m
[35m[HTTP][39m [37m-->[39m [37mPOST[39m [37m/wd/hub/session/8d3ff299-ad92-438d-be97-1a61c94b17e0/elements[39m
[35m[HTTP][39m [90m{"using":"xpath","value":"//*[@class = 'android.widget.Button' and @resource-id = '' and (@text = '' or . = '')]"}[39m
[35m[HTTP][39m [37m<-- POST /wd/hub/session/8d3ff299-ad92-438d-be97-1a61c94b17e0/elements [39m[32m200[39m [90m53 ms - 267[39m
[35m[HTTP][39m [90m[39m
[35m[HTTP][39m [37m-->[39m [37mPOST[39m [37m/wd/hub/session/8d3ff299-ad92-438d-be97-1a61c94b17e0/elements[39m
[35m[HTTP][39m [90m{"using":"accessibility id","value":"Ingresar"}[39m
[35m[HTTP][39m [37m<-- POST /wd/hub/session/8d3ff299-ad92-438d-be97-1a61c94b17e0/elements [39m[32m200[39m [90m13 ms - 139[39m
[35m[HTTP][39m [90m[39m
[35m[HTTP][39m [37m-->[39m [37mPOST[39m [37m/wd/hub/session/8d3ff299-ad92-438d-be97-1a61c94b17e0/elements[39m
[35m[HTTP][39m [90m{"using":"xpath","value":"//*[@class = 'android.widget.Button' and @resource-id = '' and (@text = '' or . = '')]"}[39m
[35m[HTTP][39m [37m<-- POST /wd/hub/session/8d3ff299-ad92-438d-be97-1a61c94b17e0/elements [39m[32m200[39m [90m47 ms - 267[39m
[35m[HTTP][39m [90m[39m
[35m[HTTP][39m [37m-->[39m [37mPOST[39m [37m/wd/hub/session/8d3ff299-ad92-438d-be97-1a61c94b17e0/elements[39m
[35m[HTTP][39m [90m{"using":"accessibility id","value":"Ingresar"}[39m
[35m[HTTP][39m [37m<-- POST /wd/hub/session/8d3ff299-ad92-438d-be97-1a61c94b17e0/elements [39m[32m200[39m [90m14 ms - 139[39m
[35m[HTTP][39m [90m[39m
[35m[HTTP][39m [37m-->[39m [37mGET[39m [37m/wd/hub/session/8d3ff299-ad92-438d-be97-1a61c94b17e0/source[39m
[35m[HTTP][39m [90m{}[39m
[35m[W3C (8d3ff299)][39m Driver proxy active, passing request on via HTTP proxy
[35m[WD Proxy][39m Replacing sessionId e7242db2-4719-4f94-9b30-81c014651a14 with 8d3ff299-ad92-438d-be97-1a61c94b17e0
[35m[HTTP][39m [37m<-- GET /wd/hub/session/8d3ff299-ad92-438d-be97-1a61c94b17e0/source [39m[32m200[39m [90m44 ms - 14006[39m
[35m[HTTP][39m [90m[39m
[35m[HTTP][39m [37m-->[39m [37mGET[39m [37m/wd/hub/session/8d3ff299-ad92-438d-be97-1a61c94b17e0/screenshot[39m
[35m[HTTP][39m [90m{}[39m
[35m[HTTP][39m [37m<-- GET /wd/hub/session/8d3ff299-ad92-438d-be97-1a61c94b17e0/screenshot [39m[32m200[39m [90m165 ms - 188556[39m
[35m[HTTP][39m [90m[39m
[35m[HTTP][39m [37m-->[39m [37mDELETE[39m [37m/wd/hub/session/8d3ff299-ad92-438d-be97-1a61c94b17e0[39m
[35m[HTTP][39m [90m{}[39m
[35m[Appium][39m Removing session 8d3ff299-ad92-438d-be97-1a61c94b17e0 from our master session list
[35m[UiAutomator2][39m Restoring hidden api policy to the device default configuration
[35m[HTTP][39m [37m<-- DELETE /wd/hub/session/8d3ff299-ad92-438d-be97-1a61c94b17e0 [39m[32m200[39m [90m239 ms - 14[39m
[35m[HTTP][39m [90m[39m
